<?xml version="1.0" encoding="UTF-8"?>
<!-- Generated by org.testng.reporters.JUnitReportReporter -->
<testsuite skipped="0" hostname="LNAR-5CG9204ZX7" name="FirstTestNGPackage.Test01" tests="1" failures="0" timestamp="2020-09-07T00:25:21 EDT" time="0.014" errors="0">
  <testcase name="VerifyTitle" time="0.014" classname="FirstTestNGPackage.Test01"/>
  <system-out/>
</testsuite> <!-- FirstTestNGPackage.Test01 -->
