<?xml version="1.0" encoding="UTF-8"?>
<!-- Generated by org.testng.reporters.JUnitReportReporter -->
<testsuite skipped="0" hostname="LNAR-5CG9204ZX7" name="AutomationAssignment.TC18_UnsuccessfulSignIn" tests="1" failures="0" timestamp="2020-10-07T19:23:59 EDT" time="5.271" errors="0">
  <testcase name="TC18" time="5.271" classname="AutomationAssignment.TC18_UnsuccessfulSignIn"/>
  <system-out/>
</testsuite> <!-- AutomationAssignment.TC18_UnsuccessfulSignIn -->
