<?xml version="1.0" encoding="UTF-8"?>
<!-- Generated by org.testng.reporters.JUnitReportReporter -->
<testsuite skipped="0" hostname="LNAR-5CG9204ZX7" name="WebsiteSignUp.TC18_UnsuccessfulSignIn" tests="1" failures="0" timestamp="2020-10-07T22:11:16 EDT" time="7.495" errors="0">
  <testcase name="TC18" time="7.495" classname="WebsiteSignUp.TC18_UnsuccessfulSignIn"/>
  <system-out/>
</testsuite> <!-- WebsiteSignUp.TC18_UnsuccessfulSignIn -->
